2026-03-13 08:28:32 [INFO] Committed #1: update: student_home_screen.dart [2026-03-13 08:28:30] | Files: ['README_WATCHER.md', 'START_WATCHER.bat', 'auto_commit.log', 'auto_commit_watcher.py', 'figma/package.json', 'figma/postcss.config.mjs', 'figma/src/app/App.tsx', 'figma/src/app/components/BottomNav.tsx', 'figma/src/app/components/GlassCard.tsx', 'figma/src/app/components/PrimaryButton.tsx', 'figma/src/app/components/StatusBadge.tsx', 'figma/src/app/components/figma/ImageWithFallback.tsx', 'figma/src/app/components/ui/accordion.tsx', 'figma/src/app/components/ui/alert-dialog.tsx', 'figma/src/app/components/ui/alert.tsx', 'figma/src/app/components/ui/aspect-ratio.tsx', 'figma/src/app/components/ui/avatar.tsx', 'figma/src/app/components/ui/badge.tsx', 'figma/src/app/components/ui/breadcrumb.tsx', 'figma/src/app/components/ui/button.tsx', 'figma/src/app/components/ui/calendar.tsx', 'figma/src/app/components/ui/card.tsx', 'figma/src/app/components/ui/carousel.tsx', 'figma/src/app/components/ui/chart.tsx', 'figma/src/app/components/ui/checkbox.tsx', 'figma/src/app/components/ui/collapsible.tsx', 'figma/src/app/components/ui/command.tsx', 'figma/src/app/components/ui/context-menu.tsx', 'figma/src/app/components/ui/dialog.tsx', 'figma/src/app/components/ui/drawer.tsx', 'figma/src/app/components/ui/dropdown-menu.tsx', 'figma/src/app/components/ui/form.tsx', 'figma/src/app/components/ui/hover-card.tsx', 'figma/src/app/components/ui/input-otp.tsx', 'figma/src/app/components/ui/input.tsx', 'figma/src/app/components/ui/label.tsx', 'figma/src/app/components/ui/menubar.tsx', 'figma/src/app/components/ui/navigation-menu.tsx', 'figma/src/app/components/ui/pagination.tsx', 'figma/src/app/components/ui/popover.tsx', 'figma/src/app/components/ui/progress.tsx', 'figma/src/app/components/ui/radio-group.tsx', 'figma/src/app/components/ui/resizable.tsx', 'figma/src/app/components/ui/scroll-area.tsx', 'figma/src/app/components/ui/select.tsx', 'figma/src/app/components/ui/separator.tsx', 'figma/src/app/components/ui/sheet.tsx', 'figma/src/app/components/ui/sidebar.tsx', 'figma/src/app/components/ui/skeleton.tsx', 'figma/src/app/components/ui/slider.tsx', 'figma/src/app/components/ui/sonner.tsx', 'figma/src/app/components/ui/switch.tsx', 'figma/src/app/components/ui/table.tsx', 'figma/src/app/components/ui/tabs.tsx', 'figma/src/app/components/ui/textarea.tsx', 'figma/src/app/components/ui/toggle-group.tsx', 'figma/src/app/components/ui/toggle.tsx', 'figma/src/app/components/ui/tooltip.tsx', 'figma/src/app/components/ui/use-mobile.ts', 'figma/src/app/components/ui/utils.ts', 'figma/src/app/layouts/LecturerLayout.tsx', 'figma/src/app/layouts/StudentLayout.tsx', 'figma/src/app/pages/RoleSelection.tsx', 'figma/src/app/pages/lecturer/LecturerHome.tsx', 'figma/src/app/pages/lecturer/LecturerLiveSession.tsx', 'figma/src/app/pages/lecturer/LecturerProfile.tsx', 'figma/src/app/pages/lecturer/LecturerReports.tsx', 'figma/src/app/pages/lecturer/LecturerStartSession.tsx', 'figma/src/app/pages/student/StudentAttendance.tsx', 'figma/src/app/pages/student/StudentCheckIn.tsx', 'figma/src/app/pages/student/StudentHome.tsx', 'figma/src/app/pages/student/StudentProfile.tsx', 'figma/src/app/pages/student/StudentSchedule.tsx', 'figma/src/app/routes.tsx', 'figma/src/styles/fonts.css', 'figma/src/styles/index.css', 'figma/src/styles/tailwind.css', 'figma/src/styles/theme.css', 'figma/vite.config.ts', 'geoclass_app/.gitignore', 'geoclass_app/.metadata', 'geoclass_app/README.md', 'geoclass_app/analysis_options.yaml', 'geoclass_app/android/.gitignore', 'geoclass_app/android/app/build.gradle.kts', 'geoclass_app/android/app/src/debug/AndroidManifest.xml', 'geoclass_app/android/app/src/main/AndroidManifest.xml', 'geoclass_app/android/app/src/main/kotlin/com/geoclass/geoclass_app/MainActivity.kt', 'geoclass_app/android/app/src/main/res/drawable-v21/launch_background.xml', 'geoclass_app/android/app/src/main/res/drawable/launch_background.xml', 'geoclass_app/android/app/src/main/res/mipmap-hdpi/ic_launcher.png', 'geoclass_app/android/app/src/main/res/mipmap-mdpi/ic_launcher.png', 'geoclass_app/android/app/src/main/res/mipmap-xhdpi/ic_launcher.png', 'geoclass_app/android/app/src/main/res/mipmap-xxhdpi/ic_launcher.png', 'geoclass_app/android/app/src/main/res/mipmap-xxxhdpi/ic_launcher.png', 'geoclass_app/android/app/src/main/res/values-night/styles.xml', 'geoclass_app/android/app/src/main/res/values/styles.xml', 'geoclass_app/android/app/src/profile/AndroidManifest.xml', 'geoclass_app/android/build.gradle.kts', 'geoclass_app/android/gradle.properties', 'geoclass_app/android/gradle/wrapper/gradle-wrapper.properties', 'geoclass_app/android/settings.gradle.kts', 'geoclass_app/lib/main.dart', 'geoclass_app/lib/models/attendance_model.dart', 'geoclass_app/lib/models/course_model.dart', 'geoclass_app/lib/models/session_model.dart', 'geoclass_app/lib/models/user_model.dart', 'geoclass_app/lib/providers/auth_provider.dart', 'geoclass_app/lib/screens/login_screen.dart', 'geoclass_app/lib/screens/role_selection_screen.dart', 'geoclass_app/lib/screens/student/student_home_screen.dart', 'geoclass_app/lib/services/attendance_service.dart', 'geoclass_app/lib/services/auth_service.dart', 'geoclass_app/lib/services/location_service.dart', 'geoclass_app/lib/services/session_service.dart', 'geoclass_app/lib/theme/app_colors.dart', 'geoclass_app/lib/theme/app_theme.dart', 'geoclass_app/lib/widgets/bottom_nav.dart', 'geoclass_app/lib/widgets/glass_card.dart', 'geoclass_app/lib/widgets/primary_button.dart', 'geoclass_app/lib/widgets/status_badge.dart', 'geoclass_app/pubspec.lock', 'geoclass_app/pubspec.yaml', 'geoclass_app/test/widget_test.dart']
2026-03-13 08:29:50 [INFO] Committed #2: update: student_checkin_screen.dart [2026-03-13 08:29:50] | Files: ['geoclass_app/lib/screens/student/student_checkin_screen.dart']
2026-03-13 08:30:51 [INFO] Committed #3: update: student_attendance_screen.dart, student_checkin_screen.dart [2026-03-13 08:30:51] | Files: ['geoclass_app/lib/screens/student/student_attendance_screen.dart', 'geoclass_app/lib/screens/student/student_checkin_screen.dart']
2026-03-13 08:31:37 [INFO] Committed #4: update: student_schedule_screen.dart [2026-03-13 08:31:36] | Files: ['geoclass_app/lib/screens/student/student_schedule_screen.dart']
2026-03-13 08:32:13 [INFO] Committed #5: update: student_profile_screen.dart [2026-03-13 08:32:13] | Files: ['geoclass_app/lib/screens/student/student_profile_screen.dart']
2026-03-13 08:32:19 [INFO] Committed #6: update: student_profile_screen.dart, student_schedule_screen.dart [2026-03-13 08:32:19] | Files: ['geoclass_app/lib/screens/student/student_profile_screen.dart', 'geoclass_app/lib/screens/student/student_schedule_screen.dart']
2026-03-13 08:33:22 [INFO] Committed #7: update: lecturer_home_screen.dart [2026-03-13 08:33:22] | Files: ['geoclass_app/lib/screens/lecturer/lecturer_home_screen.dart']
2026-03-13 08:36:01 [INFO] Committed #8: update: lecturer_start_session_screen.dart, lecturer_home_screen.dart [2026-03-13 08:36:01] | Files: ['geoclass_app/lib/screens/lecturer/lecturer_home_screen.dart', 'geoclass_app/lib/screens/lecturer/lecturer_start_session_screen.dart']
2026-03-13 08:37:01 [INFO] Committed #9: update: lecturer_live_session_screen.dart [2026-03-13 08:37:01] | Files: ['geoclass_app/lib/screens/lecturer/lecturer_live_session_screen.dart']
2026-03-13 08:37:32 [INFO] Committed #10: update: .gitignore [2026-03-13 08:37:32] | Files: ['geoclass_app/.gitignore']
2026-03-13 08:37:39 [INFO] Committed #11: update: lecturer_live_session_screen.dart [2026-03-13 08:37:39] | Files: ['geoclass_app/lib/screens/lecturer/lecturer_live_session_screen.dart']
2026-03-13 08:37:58 [INFO] Committed #12: update: lecturer_reports_screen.dart [2026-03-13 08:37:57] | Files: ['geoclass_app/lib/screens/lecturer/lecturer_reports_screen.dart']
2026-03-13 08:38:44 [INFO] Committed #13: update: lecturer_profile_screen.dart [2026-03-13 08:38:44] | Files: ['auto_commit.log', 'geoclass_app/lib/screens/lecturer/lecturer_profile_screen.dart']
2026-03-13 08:39:17 [INFO] Committed #14: update: lecturer_profile_screen.dart, lecturer_reports_screen.dart [2026-03-13 08:39:17] | Files: ['geoclass_app/lib/screens/lecturer/lecturer_profile_screen.dart', 'geoclass_app/lib/screens/lecturer/lecturer_reports_screen.dart']
2026-03-13 08:41:08 [INFO] Committed #15: update: bottom_nav.dart [2026-03-13 08:41:08] | Files: ['geoclass_app/lib/widgets/bottom_nav.dart']
2026-03-13 08:42:24 [INFO] Committed #16: update: main.dart [2026-03-13 08:42:24] | Files: ['geoclass_app/lib/main.dart']
2026-03-13 08:44:10 [INFO] Committed #17: update: schema.sql [2026-03-13 08:44:09] | Files: ['geoclass_app/supabase/schema.sql']
2026-03-13 08:46:17 [INFO] Committed #18: config: config.toml, cli-latest (+1 more) [2026-03-13 08:46:17] | Files: ['geoclass_app/supabase/.gitignore', 'geoclass_app/supabase/config.toml']
2026-03-13 08:46:29 [INFO] Committed #19: update: 20260313054624_initial_schema.sql [2026-03-13 08:46:29] | Files: ['geoclass_app/supabase/migrations/20260313054624_initial_schema.sql']
2026-03-13 08:46:56 [INFO] Committed #20: update: 20260313054624_initial_schema.sql [2026-03-13 08:46:56] | Files: ['geoclass_app/supabase/migrations/20260313054624_initial_schema.sql']
2026-03-13 08:48:36 [INFO] Committed #21: update: 20260313054624_initial_schema.sql [2026-03-13 08:48:36] | Files: ['geoclass_app/supabase/migrations/20260313054624_initial_schema.sql']
2026-03-13 08:48:47 [INFO] Committed #22: update: schema.sql [2026-03-13 08:48:47] | Files: ['geoclass_app/supabase/schema.sql']
2026-03-13 08:51:58 [INFO] Committed #23: update: main.dart [2026-03-13 08:51:58] | Files: ['geoclass_app/lib/main.dart']
2026-03-13 08:53:25 [INFO] Committed #24: update: widget_test.dart [2026-03-13 08:53:24] | Files: ['geoclass_app/test/widget_test.dart']
2026-03-13 08:53:33 [INFO] Committed #25: update: login_screen.dart [2026-03-13 08:53:32] | Files: ['geoclass_app/lib/screens/login_screen.dart']
2026-03-13 08:53:54 [INFO] Committed #26: update: attendance_service.dart [2026-03-13 08:53:54] | Files: ['geoclass_app/lib/services/attendance_service.dart']
2026-03-13 08:54:38 [INFO] Committed #27: config: analysis_options.yaml [2026-03-13 08:54:38] | Files: ['geoclass_app/analysis_options.yaml']
2026-03-13 08:56:54 [INFO] Committed #28: update: student_checkin_screen.dart [2026-03-13 08:56:54] | Files: ['geoclass_app/lib/screens/student/student_checkin_screen.dart']
2026-03-13 09:01:22 [INFO] Committed #29: docs: values-zu.xml, LocationServiceHandlerImpl.class (+1228 more) [2026-03-13 09:01:20] | Files: ['geoclass_app/android/.kotlin/sessions/kotlin-compiler-5178514235272043553.salive', 'geoclass_app/lib/main.dart', 'geoclass_app/pubspec.lock', 'geoclass_app/pubspec.yaml']
2026-03-13 09:01:56 [INFO] Committed #30: docs: gc.properties, Mmybh5vM8MWX_PkoXOB8Qrv1ifE= (+315 more) [2026-03-13 09:01:55] | Files: ['geoclass_app/android/.kotlin/sessions/kotlin-compiler-5178514235272043553.salive']
2026-03-13 09:03:52 [INFO] Committed #31: docs: generate_cxx_metadata_282_timing.txt, fonts (+97 more) [2026-03-13 09:03:51] | Files: ['geoclass_app/.env.example']
2026-03-13 09:06:55 [INFO] Committed #32: update: schema.sql, 20260313054624_initial_schema.sql (+3 more) [2026-03-13 09:06:54] | Files: ['geoclass_app/supabase/migrations/20260313054624_initial_schema.sql', 'geoclass_app/supabase/migrations/20260313070000_fix_profiles_insert_rls.sql', 'geoclass_app/supabase/schema.sql']
2026-03-13 09:15:23 [INFO] Committed #33: update: session_service.dart [2026-03-13 09:15:23] | Files: ['geoclass_app/lib/services/session_service.dart']
2026-03-13 09:15:47 [INFO] Committed #34: update: attendance_service.dart [2026-03-13 09:15:46] | Files: ['geoclass_app/lib/services/attendance_service.dart']
2026-03-13 09:16:29 [INFO] Committed #35: update: attendance_service.dart [2026-03-13 09:16:28] | Files: ['geoclass_app/lib/services/attendance_service.dart']
2026-03-13 09:16:42 [INFO] Committed #36: update: attendance_model.dart [2026-03-13 09:16:42] | Files: ['geoclass_app/lib/models/attendance_model.dart']
2026-03-13 09:16:56 [INFO] Committed #37: update: .gitignore, main.dart [2026-03-13 09:16:55] | Files: ['geoclass_app/lib/main.dart']
2026-03-13 09:17:43 [INFO] Committed #38: update: student_profile_screen.dart [2026-03-13 09:17:43] | Files: ['geoclass_app/lib/screens/student/student_profile_screen.dart']
2026-03-13 09:17:51 [INFO] Committed #39: update: student_profile_screen.dart, attendance_model.dart (+3 more) [2026-03-13 09:17:50] | Files: ['geoclass_app/lib/models/attendance_model.dart', 'geoclass_app/lib/screens/student/student_profile_screen.dart', 'geoclass_app/lib/services/attendance_service.dart']
2026-03-13 09:18:24 [INFO] Committed #40: update: student_profile_screen.dart [2026-03-13 09:18:23] | Files: ['geoclass_app/lib/screens/student/student_profile_screen.dart']
2026-03-13 09:18:52 [INFO] Committed #41: update: lecturer_profile_screen.dart [2026-03-13 09:18:52] | Files: ['geoclass_app/lib/screens/lecturer/lecturer_profile_screen.dart']
2026-03-13 09:19:05 [INFO] Committed #42: update: student_profile_screen.dart, lecturer_profile_screen.dart [2026-03-13 09:19:04] | Files: ['geoclass_app/lib/screens/lecturer/lecturer_profile_screen.dart', 'geoclass_app/lib/screens/student/student_profile_screen.dart']
2026-03-13 09:20:02 [INFO] Committed #43: update: student_home_screen.dart [2026-03-13 09:20:02] | Files: ['geoclass_app/lib/screens/student/student_home_screen.dart']
2026-03-13 09:20:55 [INFO] Committed #44: update: lecturer_home_screen.dart [2026-03-13 09:20:54] | Files: ['geoclass_app/lib/screens/lecturer/lecturer_home_screen.dart']
2026-03-13 09:21:04 [INFO] Committed #45: update: lecturer_home_screen.dart [2026-03-13 09:21:03] | Files: ['geoclass_app/lib/screens/lecturer/lecturer_home_screen.dart']
2026-03-13 09:22:14 [INFO] Committed #46: update: lecturer_start_session_screen.dart [2026-03-13 09:22:13] | Files: ['geoclass_app/lib/screens/lecturer/lecturer_start_session_screen.dart']
2026-03-13 09:23:59 [INFO] Committed #47: update: lecturer_live_session_screen.dart [2026-03-13 09:23:58] | Files: ['geoclass_app/lib/screens/lecturer/lecturer_live_session_screen.dart']
2026-03-13 09:24:06 [INFO] Committed #48: update: lecturer_live_session_screen.dart [2026-03-13 09:24:06] | Files: ['geoclass_app/lib/screens/lecturer/lecturer_live_session_screen.dart']
2026-03-13 09:24:36 [INFO] Committed #49: update: student_schedule_screen.dart [2026-03-13 09:24:36] | Files: ['geoclass_app/lib/screens/student/student_schedule_screen.dart']
2026-03-13 09:25:02 [INFO] Committed #50: update: student_attendance_screen.dart [2026-03-13 09:25:01] | Files: ['geoclass_app/lib/screens/student/student_attendance_screen.dart']
2026-03-13 09:25:28 [INFO] Committed #51: update: student_attendance_screen.dart, student_home_screen.dart (+4 more) [2026-03-13 09:25:28] | Files: ['geoclass_app/lib/screens/lecturer/lecturer_home_screen.dart', 'geoclass_app/lib/screens/lecturer/lecturer_live_session_screen.dart', 'geoclass_app/lib/screens/student/student_home_screen.dart']
2026-03-13 09:26:39 [INFO] Committed #52: update: student_profile_screen.dart, student_home_screen.dart (+3 more) [2026-03-13 09:26:39] | Files: ['geoclass_app/lib/screens/lecturer/lecturer_home_screen.dart', 'geoclass_app/lib/screens/lecturer/lecturer_live_session_screen.dart', 'geoclass_app/lib/screens/lecturer/lecturer_profile_screen.dart', 'geoclass_app/lib/screens/student/student_home_screen.dart', 'geoclass_app/lib/screens/student/student_profile_screen.dart']
2026-03-13 09:26:55 [INFO] Committed #53: update: student_profile_screen.dart, student_home_screen.dart (+3 more) [2026-03-13 09:26:54] | Files: ['geoclass_app/lib/screens/student/student_home_screen.dart']
2026-03-13 09:27:11 [INFO] Committed #54: update: student_profile_screen.dart [2026-03-13 09:27:10] | Files: ['geoclass_app/lib/screens/student/student_profile_screen.dart']
2026-03-13 09:27:17 [INFO] Committed #55: update: lecturer_profile_screen.dart [2026-03-13 09:27:16] | Files: ['geoclass_app/lib/screens/lecturer/lecturer_profile_screen.dart']
2026-03-13 09:27:54 [INFO] Committed #56: update: student_profile_screen.dart, lecturer_profile_screen.dart [2026-03-13 09:27:54] | Files: ['geoclass_app/lib/screens/lecturer/lecturer_profile_screen.dart', 'geoclass_app/lib/screens/student/student_profile_screen.dart']
2026-03-13 09:31:32 [INFO] Committed #57: docs: fonts, CupertinoIcons.ttf (+84 more) [2026-03-13 09:31:31] | Files: ['geoclass_app/lib/models/session_model.dart', 'geoclass_app/lib/screens/student/student_checkin_screen.dart']
2026-03-13 09:31:57 [INFO] Committed #58: update: student_checkin_screen.dart [2026-03-13 09:31:56] | Files: ['geoclass_app/lib/screens/student/student_checkin_screen.dart']
2026-03-13 09:32:31 [INFO] Committed #59: update: lecturer_reports_screen.dart [2026-03-13 09:32:30] | Files: ['geoclass_app/lib/screens/lecturer/lecturer_reports_screen.dart']
2026-03-13 09:33:04 [INFO] Committed #60: update: lecturer_reports_screen.dart [2026-03-13 09:33:03] | Files: ['geoclass_app/lib/screens/lecturer/lecturer_reports_screen.dart']
2026-03-13 09:33:12 [INFO] Committed #61: update: student_schedule_screen.dart, lecturer_home_screen.dart [2026-03-13 09:33:11] | Files: ['geoclass_app/lib/screens/lecturer/lecturer_home_screen.dart', 'geoclass_app/lib/screens/student/student_schedule_screen.dart']
2026-03-13 09:33:33 [INFO] Committed #62: update: student_schedule_screen.dart, student_checkin_screen.dart (+2 more) [2026-03-13 09:33:32] | Files: ['geoclass_app/lib/screens/lecturer/lecturer_reports_screen.dart']
2026-03-13 09:35:00 [INFO] Committed #63: update: student_checkin_screen.dart [2026-03-13 09:35:00] | Files: ['geoclass_app/lib/screens/student/student_checkin_screen.dart']
2026-03-13 09:37:08 [INFO] Committed #64: update: student_checkin_screen.dart [2026-03-13 09:37:07] | Files: ['geoclass_app/lib/screens/student/student_checkin_screen.dart']
2026-03-13 09:38:38 [INFO] Committed #65: update: lecturer_reports_screen.dart [2026-03-13 09:38:37] | Files: ['geoclass_app/lib/screens/lecturer/lecturer_reports_screen.dart']
2026-03-13 11:18:09 [INFO] Committed #66: config: student_profile_screen.dart, pubspec.yaml [2026-03-13 11:18:08] | Files: ['geoclass_app/lib/screens/student/student_profile_screen.dart']
2026-03-13 11:18:17 [INFO] Committed #67: update: student_profile_screen.dart [2026-03-13 11:18:17] | Files: ['geoclass_app/lib/screens/student/student_profile_screen.dart']
2026-03-13 11:20:18 [INFO] Committed #68: update: student_profile_screen.dart [2026-03-13 11:20:18] | Files: ['geoclass_app/lib/screens/student/student_profile_screen.dart']
2026-03-13 11:20:28 [INFO] Committed #69: update: student_profile_screen.dart [2026-03-13 11:20:27] | Files: ['geoclass_app/lib/screens/student/student_profile_screen.dart']
2026-03-13 11:29:14 [INFO] Committed #70: update: student_schedule_screen.dart [2026-03-13 11:29:13] | Files: ['geoclass_app/lib/screens/student/student_schedule_screen.dart']
2026-03-13 11:31:39 [INFO] Committed #71: update: student_attendance_screen.dart [2026-03-13 11:31:38] | Files: ['geoclass_app/lib/screens/student/student_attendance_screen.dart']
2026-03-13 11:37:06 [INFO] Committed #72: update: student_attendance_screen.dart [2026-03-13 11:37:05] | Files: ['geoclass_app/lib/screens/student/student_attendance_screen.dart']
2026-03-13 11:42:43 [INFO] Committed #73: update: student_schedule_screen.dart, student_attendance_screen.dart (+2 more) [2026-03-13 11:42:42] | Files: ['geoclass_app/lib/screens/student/student_attendance_screen.dart', 'geoclass_app/lib/screens/student/student_schedule_screen.dart']
